<?xml version="1.0" encoding="UTF-8"?>
<testsuite name="net.meng6.gradlehelloworld.MainTest" tests="1" skipped="0" failures="0" errors="0" timestamp="2014-08-27T21:12:32" hostname="meng2maclap.local" time="0.028">
  <properties/>
  <testcase name="testRepeat" classname="net.meng6.gradlehelloworld.MainTest" time="0.028"/>
  <system-out><![CDATA[]]></system-out>
  <system-err><![CDATA[]]></system-err>
</testsuite>
